Output file: /mnt/msa-cache/msa/results/20260611-131556/msa_smoke.tsv
MiniMax sparse attention sweep  |  GPU 0  |  dtype fp8  |  output_mode o
sections: prefill, decode, sparse_decode

Prefill TP1 (ragged dense, causal, fp8)
-------------------------------------------------------------------------------------------------------------
   q_len   kv_len  dtype   bsz  h_q  h_kv  dim     lat(ms)   std(ms)     TFLOPs       GB/s   MFU/MBU   split%
-------------------------------------------------------------------------------------------------------------
  · Prefill TP1 q=k=8192
    8192     8192    fp8     1   64     4  128      0.7239    0.0015    1519.15     289.72    33.76%    0.00%
  · Prefill TP1 q=k=16384
   16384    16384    fp8     1   64     4  128      2.7713    0.0247    1587.12     151.35    35.27%    0.00%

Prefill TP4 (ragged dense, causal, fp8)
-------------------------------------------------------------------------------------------------------------
   q_len   kv_len  dtype   bsz  h_q  h_kv  dim     lat(ms)   std(ms)     TFLOPs       GB/s   MFU/MBU   split%
-------------------------------------------------------------------------------------------------------------
  · Prefill TP4 q=k=8192
    8192     8192    fp8     1   16     1  128      0.2048    0.0010    1342.55     256.04    29.83%    0.00%
  · Prefill TP4 q=k=16384
   16384    16384    fp8     1   16     1  128      0.6983    0.0043    1574.57     150.15    34.99%    0.00%

Decode (ragged dense, MBU, h=64/4, fp8)
-------------------------------------------------------------------------------------------------------------
   q_len   kv_len  dtype   bsz  h_q  h_kv  dim     lat(ms)   std(ms)     TFLOPs       GB/s   MFU/MBU   split%
-------------------------------------------------------------------------------------------------------------
  · Decode q=4 k=8192 b=32
       4     8192    fp8    32   64     4  128      0.0655    0.0007     524.19    4144.00    51.80%   -8.33%
  · Decode q=4 k=131072 b=32
       4   131072    fp8    32   64     4  128      0.7987    0.0142     688.27    5381.14    67.26%   12.48%

Sparse Decode (dense+sparse pairs, MBU, topk=16, fp8)
-------------------------------------------------------------------------------------------------------------
   q_len   kv_len  dtype   bsz  h_q  h_kv  dim     lat(ms)   std(ms)     TFLOPs       GB/s   MFU/MBU   split%
-------------------------------------------------------------------------------------------------------------
  · Sparse Decode q=8 k=8192 b=32 topk=16
       8     8192    fp8    32   64     4  128      0.0677    0.0011    1013.97    4055.37    50.69%   -8.33%
       8     8192    fp8    32   64     4  128      0.1147    0.0009     149.75     639.82     8.00%   -4.29%
  · Sparse Decode q=8 k=131072 b=32 topk=16
       8   131072    fp8    32   64     4  128      0.8653    0.0227    1270.62    4970.76    62.13%   12.48%
       8   131072    fp8    32   64     4  128      0.1148    0.0105     149.67     639.46     7.99%   -4.29%

Results saved to /mnt/msa-cache/msa/results/20260611-131556/msa_smoke.tsv
