Config:Config:

Config:Config:Config:Config:
Config:


Config:

 > MMA: fp8xfp4 > MMA: fp8xfp4 > MMA: fp8xfp4 > MMA: fp8xfp4



 > MMA: fp8xfp4 > MMA: fp8xfp4 > MMA: fp8xfp4 > MMA: fp8xfp4



 > Tokens: 512/512 > Tokens: 512/512 > Tokens: 512/512 > Tokens: 512/512 > Tokens: 512/512 > Tokens: 512/512
 > Tokens: 512/512
 > Tokens: 512/512





 > Hidden: 7168 > Hidden: 7168 > Hidden: 7168 > Hidden: 7168 > Hidden: 7168 > Hidden: 7168
 > Hidden: 7168 > Hidden: 7168






 > Intermediate: 3072 > Intermediate: 3072 > Intermediate: 3072 > Intermediate: 3072 > Intermediate: 3072 > Intermediate: 3072 > Intermediate: 3072 > Intermediate: 3072







 > Experts: 6/384 > Experts: 6/384 > Experts: 6/384 > Experts: 6/384 > Experts: 6/384 > Experts: 6/384 > Experts: 6/384

 > Experts: 6/384





 > Buffer: 0.867 GiB > Buffer: 0.867 GiB > Buffer: 0.867 GiB
 > Buffer: 0.867 GiB

 > Buffer: 0.867 GiB > Buffer: 0.867 GiB > Buffer: 0.867 GiB


 > Buffer: 0.867 GiB









Performance:
Performance:
Performance:
Performance:
Performance:
Performance:
Performance:
Performance:
 > EP:  0/8 | 1056 TFLOPS | overlap: 1079 TFLOPS, HBM 4479 GB/s, NVL 176 GB/s |  381 us, reduction:  7.9 us | 1.67x legacy > EP:  5/8 | 1070 TFLOPS | overlap: 1092 TFLOPS, HBM 4486 GB/s, NVL 178 GB/s |  380 us, reduction:  7.9 us | 1.67x legacy > EP:  1/8 | 1054 TFLOPS | overlap: 1076 TFLOPS, HBM 4483 GB/s, NVL 175 GB/s |  380 us, reduction:  7.9 us | 1.67x legacy


 > EP:  6/8 | 1062 TFLOPS | overlap: 1084 TFLOPS, HBM 4484 GB/s, NVL 176 GB/s |  380 us, reduction:  7.9 us | 1.67x legacy > EP:  3/8 | 1048 TFLOPS | overlap: 1070 TFLOPS, HBM 4479 GB/s, NVL 174 GB/s |  381 us, reduction:  7.9 us | 1.67x legacy > EP:  2/8 | 1067 TFLOPS | overlap: 1090 TFLOPS, HBM 4483 GB/s, NVL 177 GB/s |  381 us, reduction:  7.9 us | 1.67x legacy

 > EP:  7/8 | 1091 TFLOPS | overlap: 1114 TFLOPS, HBM 4491 GB/s, NVL 181 GB/s |  380 us, reduction:  7.9 us | 1.67x legacy > EP:  4/8 | 1087 TFLOPS | overlap: 1110 TFLOPS, HBM 4481 GB/s, NVL 181 GB/s |  381 us, reduction:  7.9 us | 1.67x legacy


