Config:Config:Config:
Config:Config:

Config:

Config:

Config:
 > MMA: fp8xfp4 > MMA: fp8xfp4 > MMA: fp8xfp4 > MMA: fp8xfp4 > MMA: fp8xfp4 > MMA: fp8xfp4

 > MMA: fp8xfp4




 > MMA: fp8xfp4
 > Tokens: 1/1 > Tokens: 1/1 > Tokens: 1/1 > Tokens: 1/1 > Tokens: 1/1 > Tokens: 1/1 > Tokens: 1/1


 > Tokens: 1/1




 > Hidden: 7168 > Hidden: 7168 > Hidden: 7168 > Hidden: 7168 > Hidden: 7168 > Hidden: 7168 > Hidden: 7168






 > Hidden: 7168
 > Intermediate: 3072 > Intermediate: 3072 > Intermediate: 3072 > Intermediate: 3072 > Intermediate: 3072


 > Intermediate: 3072 > Intermediate: 3072


 > Intermediate: 3072

 > Experts: 6/384 > Experts: 6/384 > Experts: 6/384 > Experts: 6/384 > Experts: 6/384 > Experts: 6/384 > Experts: 6/384




 > Experts: 6/384


 > Buffer: 0.566 GiB > Buffer: 0.566 GiB > Buffer: 0.566 GiB > Buffer: 0.566 GiB
 > Buffer: 0.566 GiB > Buffer: 0.566 GiB
 > Buffer: 0.566 GiB

 > Buffer: 0.566 GiB











2026-06-25 09:28:03  [TileLang:tilelang.jit.kernel:INFO] (kernel.py:130): TileLang begins to compile kernel `_swiglu_apply_weight_to_fp8` with `out_idx=None`
2026-06-25 09:28:03  [TileLang:tilelang.jit.kernel:INFO] (kernel.py:130): TileLang begins to compile kernel `_swiglu_apply_weight_to_fp8` with `out_idx=None`
2026-06-25 09:28:03  [TileLang:tilelang.jit.kernel:INFO] (kernel.py:130): TileLang begins to compile kernel `_swiglu_apply_weight_to_fp8` with `out_idx=None`
2026-06-25 09:28:03  [TileLang:tilelang.jit.kernel:INFO] (kernel.py:130): TileLang begins to compile kernel `_swiglu_apply_weight_to_fp8` with `out_idx=None`
2026-06-25 09:28:03  [TileLang:tilelang.jit.kernel:INFO] (kernel.py:130): TileLang begins to compile kernel `_swiglu_apply_weight_to_fp8` with `out_idx=None`
2026-06-25 09:28:04  [TileLang:tilelang.jit.kernel:INFO] (kernel.py:130): TileLang begins to compile kernel `_swiglu_apply_weight_to_fp8` with `out_idx=None`
2026-06-25 09:28:04  [TileLang:tilelang.jit.kernel:INFO] (kernel.py:130): TileLang begins to compile kernel `_swiglu_apply_weight_to_fp8` with `out_idx=None`
2026-06-25 09:28:04  [TileLang:tilelang.jit.kernel:INFO] (kernel.py:130): TileLang begins to compile kernel `_swiglu_apply_weight_to_fp8` with `out_idx=None`
2026-06-25 09:28:09  [TileLang:tilelang.jit.kernel:INFO] (kernel.py:138): TileLang completes to compile kernel `_swiglu_apply_weight_to_fp8`
2026-06-25 09:28:09  [TileLang:tilelang.jit.kernel:INFO] (kernel.py:138): TileLang completes to compile kernel `_swiglu_apply_weight_to_fp8`
2026-06-25 09:28:09  [TileLang:tilelang.jit.kernel:INFO] (kernel.py:138): TileLang completes to compile kernel `_swiglu_apply_weight_to_fp8`
2026-06-25 09:28:09  [TileLang:tilelang.jit.kernel:INFO] (kernel.py:138): TileLang completes to compile kernel `_swiglu_apply_weight_to_fp8`
2026-06-25 09:28:09  [TileLang:tilelang.jit.kernel:INFO] (kernel.py:138): TileLang completes to compile kernel `_swiglu_apply_weight_to_fp8`
2026-06-25 09:28:09  [TileLang:tilelang.jit.kernel:INFO] (kernel.py:138): TileLang completes to compile kernel `_swiglu_apply_weight_to_fp8`
2026-06-25 09:28:10  [TileLang:tilelang.jit.kernel:INFO] (kernel.py:138): TileLang completes to compile kernel `_swiglu_apply_weight_to_fp8`
2026-06-25 09:28:10  [TileLang:tilelang.jit.kernel:INFO] (kernel.py:138): TileLang completes to compile kernel `_swiglu_apply_weight_to_fp8`
Performance:
Performance:
Performance:
Performance:
Performance:
Performance:
Performance:
Performance:
 > EP:  6/8 |    7 TFLOPS | overlap:    7 TFLOPS, HBM 1795 GB/s, NVL   1 GB/s |  110 us, reduction:  0.0 us | 1.68x legacy > EP:  1/8 |    5 TFLOPS | overlap:    5 TFLOPS, HBM  893 GB/s, NVL   1 GB/s |  111 us, reduction:  0.0 us | 1.66x legacy > EP:  3/8 |   11 TFLOPS | overlap:   11 TFLOPS, HBM 2683 GB/s, NVL   2 GB/s |  111 us, reduction:  0.0 us | 1.66x legacy
 > EP:  0/8 |   12 TFLOPS | overlap:   12 TFLOPS, HBM 3002 GB/s, NVL   2 GB/s |  110 us, reduction:  0.0 us | 1.67x legacy

 > EP:  2/8 |    5 TFLOPS | overlap:    5 TFLOPS, HBM 1202 GB/s, NVL   1 GB/s |  110 us, reduction:  0.0 us | 1.69x legacy > EP:  7/8 |   10 TFLOPS | overlap:   10 TFLOPS, HBM 2103 GB/s, NVL   2 GB/s |  110 us, reduction:  0.0 us | 1.67x legacy
 > EP:  5/8 |    1 TFLOPS | overlap:    1 TFLOPS, HBM  300 GB/s, NVL   0 GB/s |  110 us, reduction:  0.0 us | 1.67x legacy > EP:  4/8 |    7 TFLOPS | overlap:    7 TFLOPS, HBM 1780 GB/s, NVL   1 GB/s |  111 us, reduction:  0.0 us | 1.65x legacy



