Config:Config:Config:
Config:Config:



Config:Config:

Config:
 > MMA: fp8xfp4 > MMA: fp8xfp4 > MMA: fp8xfp4 > MMA: fp8xfp4
 > MMA: fp8xfp4

 > MMA: fp8xfp4 > MMA: fp8xfp4



 > MMA: fp8xfp4
 > Tokens: 1/1
 > Tokens: 1/1 > Tokens: 1/1
 > Tokens: 1/1

 > Tokens: 1/1 > Tokens: 1/1

 > Tokens: 1/1 > Tokens: 1/1

 > Hidden: 4096 > Hidden: 4096 > Hidden: 4096 > Hidden: 4096 > Hidden: 4096 > Hidden: 4096

 > Hidden: 4096
 > Hidden: 4096




 > Intermediate: 2048 > Intermediate: 2048 > Intermediate: 2048 > Intermediate: 2048 > Intermediate: 2048



 > Intermediate: 2048 > Intermediate: 2048

 > Intermediate: 2048

 > Experts: 6/256 > Experts: 6/256
 > Experts: 6/256 > Experts: 6/256 > Experts: 6/256


 > Experts: 6/256 > Experts: 6/256 > Experts: 6/256



 > Buffer: 0.286 GiB > Buffer: 0.286 GiB > Buffer: 0.286 GiB > Buffer: 0.286 GiB
 > Buffer: 0.286 GiB



 > Buffer: 0.286 GiB > Buffer: 0.286 GiB > Buffer: 0.286 GiB










Failed to load legacy code: No module named 'deep_ep', skip baseline benchmarkingFailed to load legacy code: No module named 'deep_ep', skip baseline benchmarking
Failed to load legacy code: No module named 'deep_ep', skip baseline benchmarking

Failed to load legacy code: No module named 'deep_ep', skip baseline benchmarkingFailed to load legacy code: No module named 'deep_ep', skip baseline benchmarking
Failed to load legacy code: No module named 'deep_ep', skip baseline benchmarking

Failed to load legacy code: No module named 'deep_ep', skip baseline benchmarking
Failed to load legacy code: No module named 'deep_ep', skip baseline benchmarking








Performance:
Performance:
Performance:
Performance:
Performance:
Performance:
Performance:
Performance:
 > EP:  0/8 |    4 TFLOPS | overlap:    4 TFLOPS, HBM  986 GB/s, NVL   1 GB/s |  102 us, reduction:  0.0 us | 0.00x legacy > EP:  2/8 |    3 TFLOPS | overlap:    3 TFLOPS, HBM  839 GB/s, NVL   1 GB/s |  105 us, reduction:  0.0 us | 0.00x legacy > EP:  7/8 |    2 TFLOPS | overlap:    2 TFLOPS, HBM  622 GB/s, NVL   1 GB/s |  121 us, reduction:  0.0 us | 0.00x legacy
 > EP:  3/8 |    1 TFLOPS | overlap:    1 TFLOPS, HBM  222 GB/s, NVL   0 GB/s |  113 us, reduction:  0.0 us | 0.00x legacy > EP:  6/8 |    3 TFLOPS | overlap:    3 TFLOPS, HBM  851 GB/s, NVL   1 GB/s |  118 us, reduction:  0.0 us | 0.00x legacy
 > EP:  1/8 |    1 TFLOPS | overlap:    1 TFLOPS, HBM  206 GB/s, NVL   0 GB/s |  122 us, reduction:  0.0 us | 0.00x legacy > EP:  5/8 |    3 TFLOPS | overlap:    3 TFLOPS, HBM  632 GB/s, NVL   1 GB/s |  120 us, reduction:  0.0 us | 0.00x legacy
 > EP:  4/8 |    4 TFLOPS | overlap:    4 TFLOPS, HBM  878 GB/s, NVL   1 GB/s |  115 us, reduction:  0.0 us | 0.00x legacy




