Config:Config:Config:
Config:


Config:Config:

Config:
Config:
 > Tokens: 1/1 > Tokens: 1/1 > Tokens: 1/1 > Tokens: 1/1
 > Tokens: 1/1
 > Tokens: 1/1



 > Tokens: 1/1 > Tokens: 1/1

 > Hidden: 7168 > Hidden: 7168 > Hidden: 7168
 > Hidden: 7168 > Hidden: 7168 > Hidden: 7168 > Hidden: 7168




 > Hidden: 7168

 > Intermediate: 3072 > Intermediate: 3072 > Intermediate: 3072 > Intermediate: 3072 > Intermediate: 3072 > Intermediate: 3072

 > Intermediate: 3072 > Intermediate: 3072





 > Experts: 6/384 > Experts: 6/384 > Experts: 6/384 > Experts: 6/384 > Experts: 6/384
 > Experts: 6/384 > Experts: 6/384 > Experts: 6/384






 > Buffer: 0.434 GiB > Buffer: 0.434 GiB > Buffer: 0.434 GiB > Buffer: 0.434 GiB

 > Buffer: 0.434 GiB
 > Buffer: 0.434 GiB

 > Buffer: 0.434 GiB

 > Buffer: 0.434 GiB








Failed to load legacy code: No module named 'deep_ep', skip baseline benchmarking
Failed to load legacy code: No module named 'deep_ep', skip baseline benchmarking
Failed to load legacy code: No module named 'deep_ep', skip baseline benchmarkingFailed to load legacy code: No module named 'deep_ep', skip baseline benchmarkingFailed to load legacy code: No module named 'deep_ep', skip baseline benchmarkingFailed to load legacy code: No module named 'deep_ep', skip baseline benchmarkingFailed to load legacy code: No module named 'deep_ep', skip baseline benchmarkingFailed to load legacy code: No module named 'deep_ep', skip baseline benchmarking













Performance:
Performance:
Performance:
Performance:
Performance:
Performance:
Performance:
Performance:
 > EP:  3/8 |    6 TFLOPS | overlap:    6 TFLOPS, HBM 1521 GB/s, NVL   1 GB/s |  196 us, reduction:  0.0 us | 0.00x legacy > EP:  7/8 |    6 TFLOPS | overlap:    6 TFLOPS, HBM 1220 GB/s, NVL   1 GB/s |  190 us, reduction:  0.0 us | 0.00x legacy > EP:  4/8 |    4 TFLOPS | overlap:    4 TFLOPS, HBM 1088 GB/s, NVL   1 GB/s |  182 us, reduction:  0.0 us | 0.00x legacy > EP:  6/8 |    5 TFLOPS | overlap:    5 TFLOPS, HBM 1133 GB/s, NVL   1 GB/s |  175 us, reduction:  0.0 us | 0.00x legacy > EP:  1/8 |    3 TFLOPS | overlap:    3 TFLOPS, HBM  523 GB/s, NVL   0 GB/s |  190 us, reduction:  0.0 us | 0.00x legacy
 > EP:  0/8 |    7 TFLOPS | overlap:    7 TFLOPS, HBM 1799 GB/s, NVL   1 GB/s |  184 us, reduction:  0.0 us | 0.00x legacy > EP:  2/8 |    3 TFLOPS | overlap:    3 TFLOPS, HBM  669 GB/s, NVL   0 GB/s |  198 us, reduction:  0.0 us | 0.00x legacy
 > EP:  5/8 |    1 TFLOPS | overlap:    1 TFLOPS, HBM  185 GB/s, NVL   0 GB/s |  179 us, reduction:  0.0 us | 0.00x legacy





